#
# A fatal error has been detected by the Java Runtime Environment:
#
#  EXCEPTION_ACCESS_VIOLATION (0xc0000005) at pc=0x00000000534660b6, pid=21188, tid=0x0000000000003cf8
#
# JRE version: Java(TM) SE Runtime Environment (8.0_251-b08) (build 1.8.0_251-b08)
# Java VM: Java HotSpot(TM) 64-Bit Server VM (25.251-b08 mixed mode windows-amd64 compressed oops)
# Problematic frame:
# V  [jvm.dll+0x4a60b6]
#
# Failed to write core dump. Minidumps are not enabled by default on client versions of Windows
#
# If you would like to submit a bug report, please visit:
#   http://bugreport.java.com/bugreport/crash.jsp
#

---------------  T H R E A D  ---------------

Current thread (0x00000000199cc000):  JavaThread "C2 CompilerThread1" daemon [_thread_in_native, id=15608, stack(0x000000001b600000,0x000000001b700000)]

siginfo: ExceptionCode=0xc0000005, writing address 0x00000000537ef6ec

Registers:
RAX=0x000000000070009c, RBX=0x00000000257cdaa0, RCX=0x0000000000000007, RDX=0x000000000078009c
RSP=0x000000001b6fbda0, RBP=0x00000000000000f3, RSI=0x0000000000000007, RDI=0x000000001b6fbfd0
R8 =0x0000000000080000, R9 =0x00000000537ef6d0, R10=0x00000000000019f8, R11=0x000000002567ab50
R12=0x00000000000097e0, R13=0x000000001b30e430, R14=0x0000000052fc0000, R15=0x00000000000003d8
RIP=0x00000000534660b6, EFLAGS=0x0000000000010206

Top of Stack: (sp=0x000000001b6fbda0)
0x000000001b6fbda0:   0000000025581c30 00000000257cdaa0
0x000000001b6fbdb0:   00000000000000f3 0000000000000007
0x000000001b6fbdc0:   000019f900000000 0000000000000008
0x000000001b6fbdd0:   0000000020fc83a0 000000000000001a
0x000000001b6fbde0:   000000001dde6be0 000000000000003a
0x000000001b6fbdf0:   0000000025580830 00000000000036bf
0x000000001b6fbe00:   000000001b30e808 000000001b30e430
0x000000001b6fbe10:   0000000000000000 000000005342e831
0x000000001b6fbe20:   000000001b6fc2c0 0000000000000000
0x000000001b6fbe30:   0000000052fc0000 00000000000000f3
0x000000001b6fbe40:   0000165900000000 0000000000000008
0x000000001b6fbe50:   0000000020fc3380 0000000000000001
0x000000001b6fbe60:   000000001dde88e0 0000000000000001
0x000000001b6fbe70:   0000000025581230 0000000000000000
0x000000001b6fbe80:   0000000000000000 0000000053485464
0x000000001b6fbe90:   0000000000000000 0000000000000000 

Instructions: (pc=0x00000000534660b6)
0x0000000053466096:   03 5f 10 49 8b 43 08 4c 8b 0c c8 8b cd 83 e1 1f
0x00000000534660a6:   41 d3 e0 8b ca 41 8b 14 91 41 8b c0 f7 d0 23 c2
0x00000000534660b6:   41 89 04 89 41 85 d0 74 03 41 ff 0b 48 8b 4f 20
0x00000000534660c6:   0f b6 53 64 4d 6b d2 70 f7 43 68 00 01 00 00 41 


Register to memory mapping:

RAX=0x000000000070009c is an unknown value
RBX=0x00000000257cdaa0 is an unknown value
RCX=0x0000000000000007 is an unknown value
RDX=0x000000000078009c is an unknown value
RSP=0x000000001b6fbda0 is pointing into the stack for thread: 0x00000000199cc000
RBP=0x00000000000000f3 is an unknown value
RSI=0x0000000000000007 is an unknown value
RDI=0x000000001b6fbfd0 is pointing into the stack for thread: 0x00000000199cc000
R8 =0x0000000000080000 is an unknown value
R9 =0x00000000537ef6d0 is an unknown value
R10=0x00000000000019f8 is an unknown value
R11=0x000000002567ab50 is an unknown value
R12=0x00000000000097e0 is an unknown value
R13=0x000000001b30e430 is an unknown value
R14=0x0000000052fc0000 is an unknown value
R15=0x00000000000003d8 is an unknown value


Stack: [0x000000001b600000,0x000000001b700000],  sp=0x000000001b6fbda0,  free space=1007k
Native frames: (J=compiled Java code, j=interpreted, Vv=VM code, C=native code)
V  [jvm.dll+0x4a60b6]
V  [jvm.dll+0x46e831]
V  [jvm.dll+0x471384]
V  [jvm.dll+0x47c8eb]
V  [jvm.dll+0x47f1f7]
V  [jvm.dll+0x461992]
V  [jvm.dll+0xa6bf2]
V  [jvm.dll+0xa753f]
V  [jvm.dll+0x24685f]
V  [jvm.dll+0x2a001a]
C  [msvcr100.dll+0x21d9f]
C  [msvcr100.dll+0x21e3b]
C  [KERNEL32.DLL+0x17034]
C  [ntdll.dll+0x4d0d1]


Current CompileTask:
C2:   7520 3422       4       com.sun.beans.TypeResolver::resolve (37 bytes)


---------------  P R O C E S S  ---------------

Java Threads: ( => current thread )
  0x000000001d723000 JavaThread "cluster-nio-worker-2" [_thread_in_native, id=21844, stack(0x0000000024260000,0x0000000024360000)]
  0x00000000207ab800 JavaThread "threadDeathWatcher-9-1" daemon [_thread_blocked, id=9584, stack(0x0000000022f50000,0x0000000023050000)]
  0x000000001c69e800 JavaThread "cluster-timeouter-0" [_thread_blocked, id=17420, stack(0x0000000022e50000,0x0000000022f50000)]
  0x000000001bd54000 JavaThread "cluster-nio-worker-0" [_thread_in_native, id=17452, stack(0x0000000021bf0000,0x0000000021cf0000)]
  0x000000001bcc7800 JavaThread "cluster-scheduled-task-worker-0" [_thread_blocked, id=17252, stack(0x0000000021af0000,0x0000000021bf0000)]
  0x000000001d1e3800 JavaThread "cluster-connection-reaper-0" [_thread_blocked, id=21376, stack(0x000000001d510000,0x000000001d610000)]
  0x000000001b0b2000 JavaThread "Service Thread" daemon [_thread_blocked, id=17232, stack(0x000000001b800000,0x000000001b900000)]
  0x00000000199fb800 JavaThread "C1 CompilerThread2" daemon [_thread_blocked, id=18076, stack(0x000000001b700000,0x000000001b800000)]
=>0x00000000199cc000 JavaThread "C2 CompilerThread1" daemon [_thread_in_native, id=15608, stack(0x000000001b600000,0x000000001b700000)]
  0x00000000199c9000 JavaThread "C2 CompilerThread0" daemon [_thread_in_vm, id=11348, stack(0x000000001b500000,0x000000001b600000)]
  0x00000000199c7800 JavaThread "Monitor Ctrl-Break" daemon [_thread_in_native, id=21552, stack(0x000000001b400000,0x000000001b500000)]
  0x00000000199ad000 JavaThread "Attach Listener" daemon [_thread_blocked, id=23444, stack(0x000000001af00000,0x000000001b000000)]
  0x00000000199ab000 JavaThread "Signal Dispatcher" daemon [_thread_blocked, id=17724, stack(0x000000001ae00000,0x000000001af00000)]
  0x000000000290a000 JavaThread "Finalizer" daemon [_thread_blocked, id=16836, stack(0x000000001ac00000,0x000000001ad00000)]
  0x0000000002907000 JavaThread "Reference Handler" daemon [_thread_blocked, id=2828, stack(0x000000001ab00000,0x000000001ac00000)]
  0x0000000002817000 JavaThread "main" [_thread_in_native, id=3664, stack(0x00000000024c0000,0x00000000025c0000)]

Other Threads:
  0x0000000019967800 VMThread [stack: 0x000000001aa00000,0x000000001ab00000] [id=12808]
  0x000000001b14a000 WatcherThread [stack: 0x000000001b900000,0x000000001ba00000] [id=17720]

VM state:not at safepoint (normal execution)

VM Mutex/Monitor currently owned by a thread: None

heap address: 0x0000000701a00000, size: 3046 MB, Compressed Oops mode: Zero based, Oop shift amount: 3
Narrow klass base: 0x0000000000000000, Narrow klass shift: 3
Compressed class space size: 1073741824 Address: 0x00000007c0000000

Heap:
 PSYoungGen      total 162304K, used 118710K [0x0000000780900000, 0x0000000791f00000, 0x00000007c0000000)
  eden space 146944K, 80% used [0x0000000780900000,0x0000000787cedbb8,0x0000000789880000)
  from space 15360K, 0% used [0x0000000789880000,0x0000000789880000,0x000000078a780000)
  to   space 14848K, 0% used [0x0000000791080000,0x0000000791080000,0x0000000791f00000)
 ParOldGen       total 116224K, used 16796K [0x0000000701a00000, 0x0000000708b80000, 0x0000000780900000)
  object space 116224K, 14% used [0x0000000701a00000,0x0000000702a67088,0x0000000708b80000)
 Metaspace       used 37779K, capacity 38096K, committed 38272K, reserved 1083392K
  class space    used 4897K, capacity 4991K, committed 4992K, reserved 1048576K

Card table byte_map: [0x0000000011cd0000,0x00000000122d0000] byte_map_base: 0x000000000e4c3000

Marking Bits: (ParMarkBitMap*) 0x00000000537eaf90
 Begin Bits: [0x0000000012ad0000, 0x0000000015a68000)
 End Bits:   [0x0000000015a68000, 0x0000000018a00000)

Polling page: 0x0000000000b70000

CodeCache: size=245760Kb used=11511Kb max_used=11975Kb free=234248Kb
 bounds [0x0000000002910000, 0x00000000034e0000, 0x0000000011910000]
 total_blobs=3720 nmethods=3193 adapters=439
 compilation: enabled

Compilation events (10 events):
Event: 7.395 Thread 0x00000000199fb800 3605       3       org.springframework.context.event.EventListenerMethodProcessor$1::inspect (6 bytes)
Event: 7.396 Thread 0x00000000199fb800 nmethod 3605 0x0000000002af6350 code [0x0000000002af64c0, 0x0000000002af67c8]
Event: 7.396 Thread 0x00000000199fb800 3606       3       org.springframework.context.event.EventListenerMethodProcessor$1::inspect (10 bytes)
Event: 7.396 Thread 0x00000000199fb800 nmethod 3606 0x0000000002c841d0 code [0x0000000002c84340, 0x0000000002c845c8]
Event: 7.402 Thread 0x00000000199fb800 3607       3       org.springframework.util.ReflectionUtils::findConcreteMethodsOnInterfaces (100 bytes)
Event: 7.403 Thread 0x00000000199fb800 nmethod 3607 0x0000000002af5050 code [0x0000000002af5260, 0x0000000002af5cd8]
Event: 7.431 Thread 0x00000000199fb800 3612   !   2       com.sun.proxy.$Proxy59::annotationType (29 bytes)
Event: 7.431 Thread 0x00000000199fb800 nmethod 3612 0x0000000002af4a90 code [0x0000000002af4c20, 0x0000000002af4ed8]
Event: 7.439 Thread 0x00000000199fb800 3614       2       org.springframework.core.MethodIntrospector$1::<init> (20 bytes)
Event: 7.439 Thread 0x00000000199fb800 nmethod 3614 0x0000000002af4710 code [0x0000000002af4860, 0x0000000002af49f0]

GC Heap History (10 events):
Event: 3.356 GC heap before
{Heap before GC invocations=5 (full 1):
 PSYoungGen      total 106496K, used 8190K [0x0000000780900000, 0x0000000787900000, 0x00000007c0000000)
  eden space 98304K, 0% used [0x0000000780900000,0x0000000780900000,0x0000000786900000)
  from space 8192K, 99% used [0x0000000787100000,0x00000007878ffb30,0x0000000787900000)
  to   space 8192K, 0% used [0x0000000786900000,0x0000000786900000,0x0000000787100000)
 ParOldGen       total 131072K, used 7638K [0x0000000701a00000, 0x0000000709a00000, 0x0000000780900000)
  object space 131072K, 5% used [0x0000000701a00000,0x0000000702175928,0x0000000709a00000)
 Metaspace       used 21059K, capacity 21252K, committed 21296K, reserved 1069056K
  class space    used 2616K, capacity 2681K, committed 2688K, reserved 1048576K
Event: 3.402 GC heap after
Heap after GC invocations=5 (full 1):
 PSYoungGen      total 106496K, used 0K [0x0000000780900000, 0x0000000787900000, 0x00000007c0000000)
  eden space 98304K, 0% used [0x0000000780900000,0x0000000780900000,0x0000000786900000)
  from space 8192K, 0% used [0x0000000787100000,0x0000000787100000,0x0000000787900000)
  to   space 8192K, 0% used [0x0000000786900000,0x0000000786900000,0x0000000787100000)
 ParOldGen       total 86016K, used 10459K [0x0000000701a00000, 0x0000000706e00000, 0x0000000780900000)
  object space 86016K, 12% used [0x0000000701a00000,0x0000000702436f08,0x0000000706e00000)
 Metaspace       used 21059K, capacity 21252K, committed 21296K, reserved 1069056K
  class space    used 2616K, capacity 2681K, committed 2688K, reserved 1048576K
}
Event: 5.355 GC heap before
{Heap before GC invocations=6 (full 1):
 PSYoungGen      total 106496K, used 98304K [0x0000000780900000, 0x0000000787900000, 0x00000007c0000000)
  eden space 98304K, 100% used [0x0000000780900000,0x0000000786900000,0x0000000786900000)
  from space 8192K, 0% used [0x0000000787100000,0x0000000787100000,0x0000000787900000)
  to   space 8192K, 0% used [0x0000000786900000,0x0000000786900000,0x0000000787100000)
 ParOldGen       total 86016K, used 10459K [0x0000000701a00000, 0x0000000706e00000, 0x0000000780900000)
  object space 86016K, 12% used [0x0000000701a00000,0x0000000702436f08,0x0000000706e00000)
 Metaspace       used 26847K, capacity 27134K, committed 27392K, reserved 1073152K
  class space    used 3424K, capacity 3504K, committed 3584K, reserved 1048576K
Event: 5.366 GC heap after
Heap after GC invocations=6 (full 1):
 PSYoungGen      total 106496K, used 7403K [0x0000000780900000, 0x000000078b500000, 0x00000007c0000000)
  eden space 98304K, 0% used [0x0000000780900000,0x0000000780900000,0x0000000786900000)
  from space 8192K, 90% used [0x0000000786900000,0x000000078703ad38,0x0000000787100000)
  to   space 13824K, 0% used [0x000000078a780000,0x000000078a780000,0x000000078b500000)
 ParOldGen       total 86016K, used 10467K [0x0000000701a00000, 0x0000000706e00000, 0x0000000780900000)
  object space 86016K, 12% used [0x0000000701a00000,0x0000000702438f08,0x0000000706e00000)
 Metaspace       used 26847K, capacity 27134K, committed 27392K, reserved 1073152K
  class space    used 3424K, capacity 3504K, committed 3584K, reserved 1048576K
}
Event: 6.406 GC heap before
{Heap before GC invocations=7 (full 1):
 PSYoungGen      total 106496K, used 105707K [0x0000000780900000, 0x000000078b500000, 0x00000007c0000000)
  eden space 98304K, 100% used [0x0000000780900000,0x0000000786900000,0x0000000786900000)
  from space 8192K, 90% used [0x0000000786900000,0x000000078703ad38,0x0000000787100000)
  to   space 13824K, 0% used [0x000000078a780000,0x000000078a780000,0x000000078b500000)
 ParOldGen       total 86016K, used 10467K [0x0000000701a00000, 0x0000000706e00000, 0x0000000780900000)
  object space 86016K, 12% used [0x0000000701a00000,0x0000000702438f08,0x0000000706e00000)
 Metaspace       used 34755K, capacity 35066K, committed 35328K, reserved 1079296K
  class space    used 4483K, capacity 4566K, committed 4608K, reserved 1048576K
Event: 6.418 GC heap after
Heap after GC invocations=7 (full 1):
 PSYoungGen      total 160768K, used 12805K [0x0000000780900000, 0x000000078b700000, 0x00000007c0000000)
  eden space 146944K, 0% used [0x0000000780900000,0x0000000780900000,0x0000000789880000)
  from space 13824K, 92% used [0x000000078a780000,0x000000078b401418,0x000000078b500000)
  to   space 15360K, 0% used [0x0000000789880000,0x0000000789880000,0x000000078a780000)
 ParOldGen       total 86016K, used 10475K [0x0000000701a00000, 0x0000000706e00000, 0x0000000780900000)
  object space 86016K, 12% used [0x0000000701a00000,0x000000070243af08,0x0000000706e00000)
 Metaspace       used 34755K, capacity 35066K, committed 35328K, reserved 1079296K
  class space    used 4483K, capacity 4566K, committed 4608K, reserved 1048576K
}
Event: 6.509 GC heap before
{Heap before GC invocations=8 (full 1):
 PSYoungGen      total 160768K, used 25170K [0x0000000780900000, 0x000000078b700000, 0x00000007c0000000)
  eden space 146944K, 8% used [0x0000000780900000,0x00000007815137b0,0x0000000789880000)
  from space 13824K, 92% used [0x000000078a780000,0x000000078b401418,0x000000078b500000)
  to   space 15360K, 0% used [0x0000000789880000,0x0000000789880000,0x000000078a780000)
 ParOldGen       total 86016K, used 10475K [0x0000000701a00000, 0x0000000706e00000, 0x0000000780900000)
  object space 86016K, 12% used [0x0000000701a00000,0x000000070243af08,0x0000000706e00000)
 Metaspace       used 35112K, capacity 35372K, committed 35496K, reserved 1081344K
  class space    used 4519K, capacity 4601K, committed 4608K, reserved 1048576K
Event: 6.521 GC heap after
Heap after GC invocations=8 (full 1):
 PSYoungGen      total 162304K, used 7883K [0x0000000780900000, 0x0000000791f00000, 0x00000007c0000000)
  eden space 146944K, 0% used [0x0000000780900000,0x0000000780900000,0x0000000789880000)
  from space 15360K, 51% used [0x0000000789880000,0x000000078a032da8,0x000000078a780000)
  to   space 14848K, 0% used [0x0000000791080000,0x0000000791080000,0x0000000791f00000)
 ParOldGen       total 86016K, used 10483K [0x0000000701a00000, 0x0000000706e00000, 0x0000000780900000)
  object space 86016K, 12% used [0x0000000701a00000,0x000000070243cf08,0x0000000706e00000)
 Metaspace       used 35112K, capacity 35372K, committed 35496K, reserved 1081344K
  class space    used 4519K, capacity 4601K, committed 4608K, reserved 1048576K
}
Event: 6.521 GC heap before
{Heap before GC invocations=9 (full 2):
 PSYoungGen      total 162304K, used 7883K [0x0000000780900000, 0x0000000791f00000, 0x00000007c0000000)
  eden space 146944K, 0% used [0x0000000780900000,0x0000000780900000,0x0000000789880000)
  from space 15360K, 51% used [0x0000000789880000,0x000000078a032da8,0x000000078a780000)
  to   space 14848K, 0% used [0x0000000791080000,0x0000000791080000,0x0000000791f00000)
 ParOldGen       total 86016K, used 10483K [0x0000000701a00000, 0x0000000706e00000, 0x0000000780900000)
  object space 86016K, 12% used [0x0000000701a00000,0x000000070243cf08,0x0000000706e00000)
 Metaspace       used 35112K, capacity 35372K, committed 35496K, reserved 1081344K
  class space    used 4519K, capacity 4601K, committed 4608K, reserved 1048576K
Event: 6.599 GC heap after
Heap after GC invocations=9 (full 2):
 PSYoungGen      total 162304K, used 0K [0x0000000780900000, 0x0000000791f00000, 0x00000007c0000000)
  eden space 146944K, 0% used [0x0000000780900000,0x0000000780900000,0x0000000789880000)
  from space 15360K, 0% used [0x0000000789880000,0x0000000789880000,0x000000078a780000)
  to   space 14848K, 0% used [0x0000000791080000,0x0000000791080000,0x0000000791f00000)
 ParOldGen       total 116224K, used 16796K [0x0000000701a00000, 0x0000000708b80000, 0x0000000780900000)
  object space 116224K, 14% used [0x0000000701a00000,0x0000000702a67088,0x0000000708b80000)
 Metaspace       used 35112K, capacity 35372K, committed 35496K, reserved 1081344K
  class space    used 4519K, capacity 4601K, committed 4608K, reserved 1048576K
}

Deoptimization events (10 events):
Event: 6.284 Thread 0x0000000002817000 Uncommon trap: reason=bimorphic action=maybe_recompile pc=0x0000000002cc793c method=java.util.regex.Pattern$CharProperty.match(Ljava/util/regex/Matcher;ILjava/lang/CharSequence;)Z @ 37
Event: 6.471 Thread 0x0000000002817000 Uncommon trap: reason=class_check action=maybe_recompile pc=0x0000000003444860 method=java.lang.reflect.Array.newInstance(Ljava/lang/Class;I)Ljava/lang/Object; @ 2
Event: 6.471 Thread 0x0000000002817000 Uncommon trap: reason=class_check action=maybe_recompile pc=0x0000000003444860 method=java.lang.reflect.Array.newInstance(Ljava/lang/Class;I)Ljava/lang/Object; @ 2
Event: 6.471 Thread 0x0000000002817000 Uncommon trap: reason=class_check action=maybe_recompile pc=0x0000000003444860 method=java.lang.reflect.Array.newInstance(Ljava/lang/Class;I)Ljava/lang/Object; @ 2
Event: 6.471 Thread 0x0000000002817000 Uncommon trap: reason=class_check action=maybe_recompile pc=0x0000000003444860 method=java.lang.reflect.Array.newInstance(Ljava/lang/Class;I)Ljava/lang/Object; @ 2
Event: 6.653 Thread 0x0000000002817000 Uncommon trap: reason=unstable_if action=reinterpret pc=0x0000000002cc5258 method=org.springframework.boot.bind.DefaultPropertyNamePatternsMatcher.matches(Ljava/lang/String;)Z @ 213
Event: 6.732 Thread 0x0000000002817000 Uncommon trap: reason=unstable_if action=reinterpret pc=0x0000000002c3110c method=java.util.Properties.loadConvert([CII[C)Ljava/lang/String; @ 57
Event: 6.747 Thread 0x0000000002817000 Uncommon trap: reason=unstable_if action=reinterpret pc=0x0000000003075e50 method=org.springframework.util.ConcurrentReferenceHashMap$Segment.findInChain(Lorg/springframework/util/ConcurrentReferenceHashMap$Reference;Ljava/lang/Object;I)Lorg/springframewo
Event: 6.747 Thread 0x0000000002817000 Uncommon trap: reason=unstable_if action=reinterpret pc=0x0000000003070e58 method=org.springframework.util.ConcurrentReferenceHashMap$Segment.findInChain(Lorg/springframework/util/ConcurrentReferenceHashMap$Reference;Ljava/lang/Object;I)Lorg/springframewo
Event: 7.264 Thread 0x0000000002817000 Uncommon trap: reason=unstable_if action=reinterpret pc=0x00000000034bd180 method=org.springframework.beans.factory.support.DefaultSingletonBeanRegistry.getSingleton(Ljava/lang/String;Z)Ljava/lang/Object; @ 47

Classes redefined (0 events):
No events

Internal exceptions (10 events):
Event: 7.377 Thread 0x0000000002817000 Exception <a 'java/lang/ClassNotFoundException': java/lang/ObjectCustomizer> (0x00000007865e5348) thrown at [C:\jenkins\workspace\8-2-build-windows-amd64-cygwin\jdk8u251\737\hotspot\src\share\vm\classfile\systemDictionary.cpp, line 210]
Event: 7.378 Thread 0x0000000002817000 Exception <a 'java/lang/ClassNotFoundException': org/springframework/boot/autoconfigure/web/WebClientAutoConfiguration$RestTemplateConfigurationCustomizer> (0x000000078660dda8) thrown at [C:\jenkins\workspace\8-2-build-windows-amd64-cygwin\jdk8u251\737\ho
Event: 7.378 Thread 0x0000000002817000 Exception <a 'java/lang/ClassNotFoundException': org/springframework/boot/autoconfigure/web/WebClientAutoConfiguration$RestTemplateConfiguration$$EnhancerBySpringCGLIB$$c45b1c64Customizer> (0x000000078663d6b0) thrown at [C:\jenkins\workspace\8-2-build-win
Event: 7.379 Thread 0x0000000002817000 Exception <a 'java/lang/ClassNotFoundException': org/springframework/context/annotation/ConfigurationClassEnhancer$EnhancedConfigurationCustomizer> (0x0000000786667990) thrown at [C:\jenkins\workspace\8-2-build-windows-amd64-cygwin\jdk8u251\737\hotspot\sr
Event: 7.383 Thread 0x0000000002817000 Exception <a 'java/lang/ClassNotFoundException': org/springframework/boot/web/client/RestTemplateBuilderBeanInfo> (0x00000007866fe858) thrown at [C:\jenkins\workspace\8-2-build-windows-amd64-cygwin\jdk8u251\737\hotspot\src\share\vm\classfile\systemDiction
Event: 7.384 Thread 0x0000000002817000 Exception <a 'java/lang/ClassNotFoundException': org/springframework/boot/web/client/RestTemplateBuilderCustomizer> (0x00000007867184e8) thrown at [C:\jenkins\workspace\8-2-build-windows-amd64-cygwin\jdk8u251\737\hotspot\src\share\vm\classfile\systemDicti
Event: 7.386 Thread 0x0000000002817000 Exception <a 'java/lang/ClassNotFoundException': java/lang/ObjectCustomizer> (0x000000078674d730) thrown at [C:\jenkins\workspace\8-2-build-windows-amd64-cygwin\jdk8u251\737\hotspot\src\share\vm\classfile\systemDictionary.cpp, line 210]
Event: 7.387 Thread 0x0000000002817000 Exception <a 'java/lang/ClassNotFoundException': org/springframework/boot/autoconfigure/web/WebClientAutoConfigurationCustomizer> (0x000000078676f228) thrown at [C:\jenkins\workspace\8-2-build-windows-amd64-cygwin\jdk8u251\737\hotspot\src\share\vm\classfi
Event: 7.388 Thread 0x0000000002817000 Exception <a 'java/lang/ClassNotFoundException': org/springframework/boot/autoconfigure/web/WebClientAutoConfiguration$$EnhancerBySpringCGLIB$$cdcaca00Customizer> (0x0000000786797898) thrown at [C:\jenkins\workspace\8-2-build-windows-amd64-cygwin\jdk8u251
Event: 7.389 Thread 0x0000000002817000 Exception <a 'java/lang/ClassNotFoundException': org/springframework/context/annotation/ConfigurationClassEnhancer$EnhancedConfigurationCustomizer> (0x00000007867c0080) thrown at [C:\jenkins\workspace\8-2-build-windows-amd64-cygwin\jdk8u251\737\hotspot\sr

Events (10 events):
Event: 7.391 loading class org/springframework/aop/scope/ScopedObject
Event: 7.391 loading class org/springframework/aop/scope/ScopedObject done
Event: 7.391 loading class org/springframework/aop/RawTargetAccess
Event: 7.391 loading class org/springframework/aop/RawTargetAccess done
Event: 7.391 loading class org/springframework/context/event/EventListenerMethodProcessor$1
Event: 7.391 loading class org/springframework/context/event/EventListenerMethodProcessor$1 done
Event: 7.392 loading class org/springframework/context/event/EventListener
Event: 7.392 loading class org/springframework/context/event/EventListener done
Event: 7.395 loading class com/datastax/driver/core/SchemaChangeListener
Event: 7.395 loading class com/datastax/driver/core/SchemaChangeListener done


Dynamic libraries:
0x00007ff720930000 - 0x00007ff720967000 	C:\Program Files\Java\jdk1.8.0_251\bin\java.exe
0x00007fff521b0000 - 0x00007fff523a6000 	C:\WINDOWS\SYSTEM32\ntdll.dll
0x00007fff51f80000 - 0x00007fff5203d000 	C:\WINDOWS\System32\KERNEL32.DLL
0x00007fff4fba0000 - 0x00007fff4fe69000 	C:\WINDOWS\System32\KERNELBASE.dll
0x00007fff509a0000 - 0x00007fff50a4c000 	C:\WINDOWS\System32\ADVAPI32.dll
0x00007fff510c0000 - 0x00007fff5115e000 	C:\WINDOWS\System32\msvcrt.dll
0x00007fff51ee0000 - 0x00007fff51f7c000 	C:\WINDOWS\System32\sechost.dll
0x00007fff52040000 - 0x00007fff5216b000 	C:\WINDOWS\System32\RPCRT4.dll
0x00007fff50e40000 - 0x00007fff50fe0000 	C:\WINDOWS\System32\USER32.dll
0x00007fff4ff00000 - 0x00007fff4ff22000 	C:\WINDOWS\System32\win32u.dll
0x00007fff50210000 - 0x00007fff5023a000 	C:\WINDOWS\System32\GDI32.dll
0x00007fff4ffb0000 - 0x00007fff500b9000 	C:\WINDOWS\System32\gdi32full.dll
0x00007fff4fa50000 - 0x00007fff4faed000 	C:\WINDOWS\System32\msvcp_win.dll
0x00007fff500c0000 - 0x00007fff501c0000 	C:\WINDOWS\System32\ucrtbase.dll
0x00007fff3de40000 - 0x00007fff3e0db000 	C:\WINDOWS\WinSxS\amd64_microsoft.windows.common-controls_6595b64144ccf1df_6.0.19041.488_none_ca04af081b815d21\COMCTL32.dll
0x00007fff50410000 - 0x00007fff50440000 	C:\WINDOWS\System32\IMM32.DLL
0x0000000053e50000 - 0x0000000053f22000 	C:\Program Files\Java\jdk1.8.0_251\jre\bin\msvcr100.dll
0x0000000052fc0000 - 0x000000005386b000 	C:\Program Files\Java\jdk1.8.0_251\jre\bin\server\jvm.dll
0x00007fff51ed0000 - 0x00007fff51ed8000 	C:\WINDOWS\System32\PSAPI.DLL
0x00007fff3dbd0000 - 0x00007fff3dbd9000 	C:\WINDOWS\SYSTEM32\WSOCK32.dll
0x00007fff504a0000 - 0x00007fff5050b000 	C:\WINDOWS\System32\WS2_32.dll
0x00007fff3f650000 - 0x00007fff3f677000 	C:\WINDOWS\SYSTEM32\WINMM.dll
0x00007fff42b10000 - 0x00007fff42b1a000 	C:\WINDOWS\SYSTEM32\VERSION.dll
0x00007fff48bf0000 - 0x00007fff48bff000 	C:\Program Files\Java\jdk1.8.0_251\jre\bin\verify.dll
0x00007fff36ed0000 - 0x00007fff36ef9000 	C:\Program Files\Java\jdk1.8.0_251\jre\bin\java.dll
0x00007fff2db30000 - 0x00007fff2db53000 	C:\Program Files\Java\jdk1.8.0_251\jre\bin\instrument.dll
0x00007fff36290000 - 0x00007fff362a6000 	C:\Program Files\Java\jdk1.8.0_251\jre\bin\zip.dll
0x00007fff51160000 - 0x00007fff518a2000 	C:\WINDOWS\System32\SHELL32.dll
0x00007fff4d5d0000 - 0x00007fff4dd65000 	C:\WINDOWS\SYSTEM32\windows.storage.dll
0x00007fff518b0000 - 0x00007fff51c06000 	C:\WINDOWS\System32\combase.dll
0x00007fff4f360000 - 0x00007fff4f38c000 	C:\WINDOWS\SYSTEM32\Wldp.dll
0x00007fff51c10000 - 0x00007fff51cbe000 	C:\WINDOWS\System32\SHCORE.dll
0x00007fff50ae0000 - 0x00007fff50b35000 	C:\WINDOWS\System32\shlwapi.dll
0x00007fff4f820000 - 0x00007fff4f846000 	C:\WINDOWS\SYSTEM32\profapi.dll
0x00007fff40380000 - 0x00007fff4039a000 	C:\Program Files\JetBrains\IntelliJ IDEA 2020.3\bin\breakgen64.dll
0x00007fff2dde0000 - 0x00007fff2ddfa000 	C:\Program Files\Java\jdk1.8.0_251\jre\bin\net.dll
0x00007fff4f0e0000 - 0x00007fff4f14a000 	C:\WINDOWS\system32\mswsock.dll
0x00007fff3f1c0000 - 0x00007fff3f1cd000 	C:\Program Files\Java\jdk1.8.0_251\jre\bin\management.dll
0x00007fff37d00000 - 0x00007fff37d17000 	C:\WINDOWS\system32\napinsp.dll
0x00007fff37d20000 - 0x00007fff37d3b000 	C:\WINDOWS\system32\pnrpnsp.dll
0x00007fff4a2e0000 - 0x00007fff4a2f5000 	C:\WINDOWS\system32\wshbth.dll
0x00007fff434a0000 - 0x00007fff434bd000 	C:\WINDOWS\system32\NLAapi.dll
0x00007fff4ed80000 - 0x00007fff4edbb000 	C:\WINDOWS\SYSTEM32\IPHLPAPI.DLL
0x00007fff4edd0000 - 0x00007fff4ee9b000 	C:\WINDOWS\SYSTEM32\DNSAPI.dll
0x00007fff510b0000 - 0x00007fff510b8000 	C:\WINDOWS\System32\NSI.dll
0x00007fff37d40000 - 0x00007fff37d52000 	C:\WINDOWS\System32\winrnr.dll
0x00007fff49110000 - 0x00007fff4911a000 	C:\Windows\System32\rasadhlp.dll
0x00007fff3efe0000 - 0x00007fff3f05f000 	C:\WINDOWS\System32\fwpuclnt.dll
0x00007fff4fe70000 - 0x00007fff4fe97000 	C:\WINDOWS\System32\bcrypt.dll
0x00007fff2ddc0000 - 0x00007fff2ddd2000 	C:\Program Files\Java\jdk1.8.0_251\jre\bin\nio.dll
0x00007fff4f2b0000 - 0x00007fff4f2c8000 	C:\WINDOWS\SYSTEM32\CRYPTSP.dll
0x00007fff4ea00000 - 0x00007fff4ea34000 	C:\WINDOWS\system32\rsaenh.dll
0x00007fff4f7e0000 - 0x00007fff4f80e000 	C:\WINDOWS\SYSTEM32\USERENV.dll
0x00007fff4ff30000 - 0x00007fff4ffb0000 	C:\WINDOWS\System32\bcryptprimitives.dll
0x00007fff4f2d0000 - 0x00007fff4f2dc000 	C:\WINDOWS\SYSTEM32\CRYPTBASE.dll
0x00007fff4dd90000 - 0x00007fff4dda7000 	C:\WINDOWS\SYSTEM32\dhcpcsvc6.DLL
0x00007fff4dd70000 - 0x00007fff4dd8d000 	C:\WINDOWS\SYSTEM32\dhcpcsvc.DLL
0x000000006e4c0000 - 0x000000006e4df000 	C:\Users\Dhanik\AppData\Local\Temp\jffi1934606515992379980.dll
0x00007fff4dea0000 - 0x00007fff4e084000 	C:\WINDOWS\SYSTEM32\dbghelp.dll

VM Arguments:
jvm_args: -ea -Didea.test.cyclic.buffer.size=1048576 -javaagent:C:\Program Files\JetBrains\IntelliJ IDEA 2020.3\lib\idea_rt.jar=59606:C:\Program Files\JetBrains\IntelliJ IDEA 2020.3\bin -Dfile.encoding=UTF-8 
java_command: com.intellij.rt.junit.JUnitStarter -ideVersion5 -junit4 com.mytargetapi.service.ProductServiceTest
java_class_path (initial): C:\Program Files\JetBrains\IntelliJ IDEA 2020.3\lib\idea_rt.jar;C:\Program Files\JetBrains\IntelliJ IDEA 2020.3\plugins\junit\lib\junit5-rt.jar;C:\Program Files\JetBrains\IntelliJ IDEA 2020.3\plugins\junit\lib\junit-rt.jar;C:\Program Files\Java\jdk1.8.0_251\jre\lib\charsets.jar;C:\Program Files\Java\jdk1.8.0_251\jre\lib\deploy.jar;C:\Program Files\Java\jdk1.8.0_251\jre\lib\ext\access-bridge-64.jar;C:\Program Files\Java\jdk1.8.0_251\jre\lib\ext\cldrdata.jar;C:\Program Files\Java\jdk1.8.0_251\jre\lib\ext\dnsns.jar;C:\Program Files\Java\jdk1.8.0_251\jre\lib\ext\jaccess.jar;C:\Program Files\Java\jdk1.8.0_251\jre\lib\ext\jfxrt.jar;C:\Program Files\Java\jdk1.8.0_251\jre\lib\ext\localedata.jar;C:\Program Files\Java\jdk1.8.0_251\jre\lib\ext\nashorn.jar;C:\Program Files\Java\jdk1.8.0_251\jre\lib\ext\sunec.jar;C:\Program Files\Java\jdk1.8.0_251\jre\lib\ext\sunjce_provider.jar;C:\Program Files\Java\jdk1.8.0_251\jre\lib\ext\sunmscapi.jar;C:\Program Files\Java\jdk1.8.0_251\jre\lib\ext\sunpkcs11.jar;C:\Program Files\Java\jdk1.8.0_251\jre\lib\ext\zipfs.jar;C:\Program Files\Java\jdk1.8.0_251\jre\lib\javaws.jar;C:\Program Files\Java\jdk1.8.0_251\jre\lib\jce.jar;C:\Program Files\Java\jdk1.8.0_251\jre\lib\jfr.jar;C:\Program Files\Java\jdk1.8.0_251\jre\lib\jfxswt.jar;C:\Program Files\Java\jdk1.8.0_251\jre\lib\jsse.jar;C:\Program Files\Java\jdk1.8.0_251\jre\lib\management-agent.jar;C:\Program Files\Java\jdk1.8.0_251\jre\lib\plugin.jar;C:\Program Files\Java\jdk1.8.0_251\jre\lib\resources.jar;C:\Program Files\Java\jdk1.8.0_251\jre\lib\rt.jar;C:\Users\Dhanik\Desktop\MyGitCode\myTargetAPI\target\test-classes;C:\Users\Dhanik\Desktop\MyGitCode\myTargetAPI\target\classes;C:\Users\Dhanik\.m2\repository\org\springframework\boot\spring-boot-starter-web\1.5.3.RELEASE\spring-boot-starter-web-1.5.3.RELEASE.jar;C:\Users\Dhanik\.m2\repository\org\springframework\boot\spring-boot-starter\1.5.3.RELEASE\spring-boot-starter-1.5.3.RELEASE.jar;C:\Users\Dhanik\.m2\repository\org\
Launcher Type: SUN_STANDARD

Environment Variables:
JAVA_HOME=C:\Program Files\Java\jdk1.8.0_251
JRE_HOME=C:\Program Files\Java\jre1.8.0_251\bin
PATH=C:\Program Files (x86)\Common Files\Oracle\Java\javapath;C:\Program Files (x86)\Intel\iCLS Client\;C:\Program Files\Intel\iCLS Client\;C:\windows\system32;C:\windows;C:\windows\System32\Wbem;C:\windows\System32\WindowsPowerShell\v1.0\;C:\Program Files (x86)\Intel\Intel(R) Management Engine Components\DAL;C:\Program Files\Intel\Intel(R) Management Engine Components\DAL;C:\Program Files (x86)\Intel\Intel(R) Management Engine Components\IPT;C:\Program Files\Intel\Intel(R) Management Engine Components\IPT;C:\Program Files (x86)\NVIDIA Corporation\PhysX\Common;C:\WINDOWS\system32;C:\WINDOWS;C:\WINDOWS\System32\Wbem;C:\WINDOWS\System32\WindowsPowerShell\v1.0\;C:\WINDOWS\System32\OpenSSH\;C:\Program Files\Intel\WiFi\bin\;C:\Program Files\Common Files\Intel\WirelessCommon\;C:\Program Files\NVIDIA Corporation\NVIDIA NvDLISR;C:\WINDOWS\system32;C:\WINDOWS;C:\WINDOWS\System32\Wbem;C:\WINDOWS\System32\WindowsPowerShell\v1.0\;C:\WINDOWS\System32\OpenSSH\;C:\Program Files\TortoiseGit\bin;C:\Program Files\Git\cmd;C:\Program Files (x86)\Pulse Secure\VC142.CRT\X64\;C:\Program Files (x86)\Pulse Secure\VC142.CRT\X86\;C:\Users\Dhanik\AppData\Local\Microsoft\WindowsApps;
USERNAME=Dhanik
OS=Windows_NT
PROCESSOR_IDENTIFIER=Intel64 Family 6 Model 78 Stepping 3, GenuineIntel



---------------  S Y S T E M  ---------------

OS: Windows 10.0 , 64 bit Build 19041 (10.0.19041.662)

CPU:total 4 (initial active 4) (2 cores per cpu, 2 threads per core) family 6 model 78 stepping 3, cmov, cx8, fxsr, mmx, sse, sse2, sse3, ssse3, sse4.1, sse4.2, popcnt, avx, avx2, aes, clmul, erms, 3dnowpref, lzcnt, ht, tsc, tscinvbit, bmi1, bmi2, adx

Memory: 4k page, physical 12470176k(2771604k free), swap 22376928k(5376976k free)

vm_info: Java HotSpot(TM) 64-Bit Server VM (25.251-b08) for windows-amd64 JRE (1.8.0_251-b08), built on Mar 12 2020 06:31:49 by "" with MS VC++ 10.0 (VS2010)

time: Mon Jan 04 21:47:02 2021
timezone: Central Standard Time
elapsed time: 7 seconds (0d 0h 0m 7s)

